# JRE version: Java(TM) SE Runtime Environment (8.0_91-b14) (build 1.8.0_91-b14)
# Java VM: Java HotSpot(TM) 64-Bit Server VM (25.91-b14 mixed mode bsd-amd64 compressed oops)
Heap:
 PSYoungGen      total 202752K, used 96994K [0x000000076ab00000, 0x000000077a800000, 0x00000007c0000000)
  eden space 200192K, 48% used [0x000000076ab00000,0x00000007709909d0,0x0000000776e80000)
  from space 2560K, 6% used [0x000000077a300000,0x000000077a328000,0x000000077a580000)
  to   space 2560K, 0% used [0x000000077a580000,0x000000077a580000,0x000000077a800000)
 ParOldGen       total 175104K, used 1660K [0x00000006c0000000, 0x00000006cab00000, 0x000000076ab00000)
  object space 175104K, 0% used [0x00000006c0000000,0x00000006c019f190,0x00000006cab00000)
 Metaspace       used 14161K, capacity 14428K, committed 14720K, reserved 1062912K
  class space    used 1820K, capacity 1910K, committed 1920K, reserved 1048576K
GC Heap History (10 events):
Event: 2.853 GC heap before
{Heap before GC invocations=9 (full 0):
 PSYoungGen      total 242688K, used 242272K [0x000000076ab00000, 0x000000077ac00000, 0x00000007c0000000)
  eden space 242176K, 100% used [0x000000076ab00000,0x0000000779780000,0x0000000779780000)
  from space 512K, 18% used [0x000000077ab80000,0x000000077ab98000,0x000000077ac00000)
  to   space 2560K, 0% used [0x000000077a700000,0x000000077a700000,0x000000077a980000)
 ParOldGen       total 175104K, used 1268K [0x00000006c0000000, 0x00000006cab00000, 0x000000076ab00000)
  object space 175104K, 0% used [0x00000006c0000000,0x00000006c013d190,0x00000006cab00000)
 Metaspace       used 5067K, capacity 5212K, committed 5504K, reserved 1056768K
  class space    used 552K, capacity 564K, committed 640K, reserved 1048576K
Event: 2.854 GC heap after
Heap after GC invocations=9 (full 0):
 PSYoungGen      total 235520K, used 96K [0x000000076ab00000, 0x000000077ac00000, 0x00000007c0000000)
  eden space 232960K, 0% used [0x000000076ab00000,0x000000076ab00000,0x0000000778e80000)
  from space 2560K, 3% used [0x000000077a700000,0x000000077a718000,0x000000077a980000)
  to   space 2560K, 0% used [0x000000077a980000,0x000000077a980000,0x000000077ac00000)
 ParOldGen       total 175104K, used 1300K [0x00000006c0000000, 0x00000006cab00000, 0x000000076ab00000)
  object space 175104K, 0% used [0x00000006c0000000,0x00000006c0145190,0x00000006cab00000)
 Metaspace       used 5067K, capacity 5212K, committed 5504K, reserved 1056768K
  class space    used 552K, capacity 564K, committed 640K, reserved 1048576K
}
Event: 3.182 GC heap before
{Heap before GC invocations=10 (full 0):
 PSYoungGen      total 235520K, used 233056K [0x000000076ab00000, 0x000000077ac00000, 0x00000007c0000000)
  eden space 232960K, 100% used [0x000000076ab00000,0x0000000778e80000,0x0000000778e80000)
  from space 2560K, 3% used [0x000000077a700000,0x000000077a718000,0x000000077a980000)
  to   space 2560K, 0% used [0x000000077a980000,0x000000077a980000,0x000000077ac00000)
 ParOldGen       total 175104K, used 1300K [0x00000006c0000000, 0x00000006cab00000, 0x000000076ab00000)
  object space 175104K, 0% used [0x00000006c0000000,0x00000006c0145190,0x00000006cab00000)
 Metaspace       used 5069K, capacity 5212K, committed 5504K, reserved 1056768K
  class space    used 552K, capacity 564K, committed 640K, reserved 1048576K
Event: 3.183 GC heap after
Heap after GC invocations=10 (full 0):
 PSYoungGen      total 224768K, used 128K [0x000000076ab00000, 0x000000077aa00000, 0x00000007c0000000)
  eden space 224256K, 0% used [0x000000076ab00000,0x000000076ab00000,0x0000000778600000)
  from space 512K, 25% used [0x000000077a980000,0x000000077a9a0000,0x000000077aa00000)
  to   space 2560K, 0% used [0x000000077a500000,0x000000077a500000,0x000000077a780000)
 ParOldGen       total 175104K, used 1332K [0x00000006c0000000, 0x00000006cab00000, 0x000000076ab00000)
  object space 175104K, 0% used [0x00000006c0000000,0x00000006c014d190,0x00000006cab00000)
 Metaspace       used 5069K, capacity 5212K, committed 5504K, reserved 1056768K
  class space    used 552K, capacity 564K, committed 640K, reserved 1048576K
}
Event: 3.499 GC heap before
{Heap before GC invocations=11 (full 0):
 PSYoungGen      total 224768K, used 224384K [0x000000076ab00000, 0x000000077aa00000, 0x00000007c0000000)
  eden space 224256K, 100% used [0x000000076ab00000,0x0000000778600000,0x0000000778600000)
  from space 512K, 25% used [0x000000077a980000,0x000000077a9a0000,0x000000077aa00000)
  to   space 2560K, 0% used [0x000000077a500000,0x000000077a500000,0x000000077a780000)
 ParOldGen       total 175104K, used 1332K [0x00000006c0000000, 0x00000006cab00000, 0x000000076ab00000)
  object space 175104K, 0% used [0x00000006c0000000,0x00000006c014d190,0x00000006cab00000)
 Metaspace       used 5069K, capacity 5212K, committed 5504K, reserved 1056768K
  class space    used 552K, capacity 564K, committed 640K, reserved 1048576K
Event: 3.500 GC heap after
Heap after GC invocations=11 (full 0):
 PSYoungGen      total 218624K, used 224K [0x000000076ab00000, 0x000000077aa00000, 0x00000007c0000000)
  eden space 216064K, 0% used [0x000000076ab00000,0x000000076ab00000,0x0000000777e00000)
  from space 2560K, 8% used [0x000000077a500000,0x000000077a538000,0x000000077a780000)
  to   space 2560K, 0% used [0x000000077a780000,0x000000077a780000,0x000000077aa00000)
 ParOldGen       total 175104K, used 1436K [0x00000006c0000000, 0x00000006cab00000, 0x000000076ab00000)
  object space 175104K, 0% used [0x00000006c0000000,0x00000006c0167190,0x00000006cab00000)
 Metaspace       used 5069K, capacity 5212K, committed 5504K, reserved 1056768K
  class space    used 552K, capacity 564K, committed 640K, reserved 1048576K
}
Event: 3.812 GC heap before
{Heap before GC invocations=12 (full 0):
 PSYoungGen      total 218624K, used 216288K [0x000000076ab00000, 0x000000077aa00000, 0x00000007c0000000)
  eden space 216064K, 100% used [0x000000076ab00000,0x0000000777e00000,0x0000000777e00000)
  from space 2560K, 8% used [0x000000077a500000,0x000000077a538000,0x000000077a780000)
  to   space 2560K, 0% used [0x000000077a780000,0x000000077a780000,0x000000077aa00000)
 ParOldGen       total 175104K, used 1436K [0x00000006c0000000, 0x00000006cab00000, 0x000000076ab00000)
  object space 175104K, 0% used [0x00000006c0000000,0x00000006c0167190,0x00000006cab00000)
 Metaspace       used 5069K, capacity 5212K, committed 5504K, reserved 1056768K
  class space    used 552K, capacity 564K, committed 640K, reserved 1048576K
Event: 3.813 GC heap after
Heap after GC invocations=12 (full 0):
 PSYoungGen      total 208384K, used 128K [0x000000076ab00000, 0x000000077a800000, 0x00000007c0000000)
  eden space 207872K, 0% used [0x000000076ab00000,0x000000076ab00000,0x0000000777600000)
  from space 512K, 25% used [0x000000077a780000,0x000000077a7a0000,0x000000077a800000)
  to   space 2560K, 0% used [0x000000077a300000,0x000000077a300000,0x000000077a580000)
 ParOldGen       total 175104K, used 1556K [0x00000006c0000000, 0x00000006cab00000, 0x000000076ab00000)
  object space 175104K, 0% used [0x00000006c0000000,0x00000006c0185190,0x00000006cab00000)
 Metaspace       used 5069K, capacity 5212K, committed 5504K, reserved 1056768K
  class space    used 552K, capacity 564K, committed 640K, reserved 1048576K
}
Event: 4.116 GC heap before
{Heap before GC invocations=13 (full 0):
 PSYoungGen      total 208384K, used 208000K [0x000000076ab00000, 0x000000077a800000, 0x00000007c0000000)
  eden space 207872K, 100% used [0x000000076ab00000,0x0000000777600000,0x0000000777600000)
  from space 512K, 25% used [0x000000077a780000,0x000000077a7a0000,0x000000077a800000)
  to   space 2560K, 0% used [0x000000077a300000,0x000000077a300000,0x000000077a580000)
 ParOldGen       total 175104K, used 1556K [0x00000006c0000000, 0x00000006cab00000, 0x000000076ab00000)
  object space 175104K, 0% used [0x00000006c0000000,0x00000006c0185190,0x00000006cab00000)
 Metaspace       used 5069K, capacity 5212K, committed 5504K, reserved 1056768K
  class space    used 552K, capacity 564K, committed 640K, reserved 1048576K
Event: 4.117 GC heap after
Heap after GC invocations=13 (full 0):
 PSYoungGen      total 202752K, used 160K [0x000000076ab00000, 0x000000077a800000, 0x00000007c0000000)
  eden space 200192K, 0% used [0x000000076ab00000,0x000000076ab00000,0x0000000776e80000)
  from space 2560K, 6% used [0x000000077a300000,0x000000077a328000,0x000000077a580000)
  to   space 2560K, 0% used [0x000000077a580000,0x000000077a580000,0x000000077a800000)
 ParOldGen       total 175104K, used 1660K [0x00000006c0000000, 0x00000006cab00000, 0x000000076ab00000)
  object space 175104K, 0% used [0x00000006c0000000,0x00000006c019f190,0x00000006cab00000)
 Metaspace       used 5069K, capacity 5212K, committed 5504K, reserved 1056768K
  class space    used 552K, capacity 564K, committed 640K, reserved 1048576K
}

